<?xml version="1.0" encoding="UTF-8"?>
<!-- Generated by org.testng.reporters.JUnitReportReporter -->
<testsuite skipped="0" hostname="BDC7-L-DSNCVP2" name="baseTest.BaseTest" tests="1" failures="0" timestamp="21 May 2020 16:26:17 GMT" time="0.014" errors="0">
  <testcase name="utilsTest" time="0.014" classname="baseTest.BaseTest"/>
</testsuite> <!-- baseTest.BaseTest -->
