<?xml version="1.0" encoding="UTF-8"?>
<!-- Generated by org.testng.reporters.JUnitReportReporter -->
<testsuite skipped="0" hostname="BDC7-L-DSNCVP2" name="studentApiTest.GetApiTests" tests="1" failures="0" timestamp="22 May 2020 11:12:24 GMT" time="1.362" errors="0">
  <testcase name="getApiTest" time="1.362" classname="studentApiTest.GetApiTests"/>
</testsuite> <!-- studentApiTest.GetApiTests -->
